Using pre-set license
Built from '2021.3/staging' branch; Version is '2021.3.1f1 (3b70a0754835) revision 3895456'; Using compiler version '192829333'; Build Type 'Release'
OS: 'Windows 10  (10.0.19044) 64bit Professional' Language: 'pt' Physical Memory: 3927 MB
BatchMode: 1, IsHumanControllingUs: 0, StartBugReporterOnCrash: 0, Is64bit: 1, IsPro: 1

COMMAND LINE ARGUMENTS:
C:\Program Files\Unity\Hub\Editor\2021.3.1f1\Editor\Unity.exe
-adb2
-batchMode
-noUpm
-name
AssetImportWorker0
-projectPath
C:/Users/Edson Filho/OneDrive/Documentos/projetos/tetris
-logFile
Logs/AssetImportWorker0.log
-srvPort
59387
Successfully changed project path to: C:/Users/Edson Filho/OneDrive/Documentos/projetos/tetris
C:/Users/Edson Filho/OneDrive/Documentos/projetos/tetris
[UnityMemory] Configuration Parameters - Can be set up in boot.config
    "memorysetup-bucket-allocator-granularity=16"
    "memorysetup-bucket-allocator-bucket-count=8"
    "memorysetup-bucket-allocator-block-size=33554432"
    "memorysetup-bucket-allocator-block-count=8"
    "memorysetup-main-allocator-block-size=16777216"
    "memorysetup-thread-allocator-block-size=16777216"
    "memorysetup-gfx-main-allocator-block-size=16777216"
    "memorysetup-gfx-thread-allocator-block-size=16777216"
    "memorysetup-cache-allocator-block-size=4194304"
    "memorysetup-typetree-allocator-block-size=2097152"
    "memorysetup-profiler-bucket-allocator-granularity=16"
    "memorysetup-profiler-bucket-allocator-bucket-count=8"
    "memorysetup-profiler-bucket-allocator-block-size=33554432"
    "memorysetup-profiler-bucket-allocator-block-count=8"
    "memorysetup-profiler-allocator-block-size=16777216"
    "memorysetup-profiler-editor-allocator-block-size=1048576"
    "memorysetup-temp-allocator-size-main=16777216"
    "memorysetup-job-temp-allocator-block-size=2097152"
    "memorysetup-job-temp-allocator-block-size-background=1048576"
    "memorysetup-job-temp-allocator-reduction-small-platforms=262144"
    "memorysetup-temp-allocator-size-background-worker=32768"
    "memorysetup-temp-allocator-size-job-worker=262144"
    "memorysetup-temp-allocator-size-preload-manager=33554432"
    "memorysetup-temp-allocator-size-nav-mesh-worker=65536"
    "memorysetup-temp-allocator-size-audio-worker=65536"
    "memorysetup-temp-allocator-size-cloud-worker=32768"
    "memorysetup-temp-allocator-size-gi-baking-worker=262144"
    "memorysetup-temp-allocator-size-gfx=262144"
Refreshing native plugins compatible for Editor in 282.57 ms, found 3 plugins.
Preloading 0 native plugins for Editor in 0.00 ms.
Initialize engine version: 2021.3.1f1 (3b70a0754835)
[Subsystems] Discovering subsystems at path C:/Program Files/Unity/Hub/Editor/2021.3.1f1/Editor/Data/Resources/UnitySubsystems
[Subsystems] Discovering subsystems at path C:/Users/Edson Filho/OneDrive/Documentos/projetos/tetris/Assets
GfxDevice: creating device client; threaded=0; jobified=0
Direct3D:
    Version:  Direct3D 11.0 [level 11.1]
    Renderer: Intel(R) HD Graphics (ID=0x5a85)
    Vendor:   Intel
    VRAM:     1963 MB
    Driver:   26.20.100.6813
Initialize mono
Mono path[0] = 'C:/Program Files/Unity/Hub/Editor/2021.3.1f1/Editor/Data/Managed'
Mono path[1] = 'C:/Program Files/Unity/Hub/Editor/2021.3.1f1/Editor/Data/MonoBleedingEdge/lib/mono/unityjit-win32'
Mono config path = 'C:/Program Files/Unity/Hub/Editor/2021.3.1f1/Editor/Data/MonoBleedingEdge/etc'
Using monoOptions --debugger-agent=transport=dt_socket,embedding=1,server=y,suspend=n,address=127.0.0.1:56480
Begin MonoManager ReloadAssembly
Registering precompiled unity dll's ...
Register platform support module: C:/Program Files/Unity/Hub/Editor/2021.3.1f1/Editor/Data/PlaybackEngines/WebGLSupport/UnityEditor.WebGL.Extensions.dll
Register platform support module: C:/Program Files/Unity/Hub/Editor/2021.3.1f1/Editor/Data/PlaybackEngines/WindowsStandaloneSupport/UnityEditor.WindowsStandalone.Extensions.dll
Registered in 0.029070 seconds.
Native extension for WindowsStandalone target not found
Native extension for WebGL target not found
Refreshing native plugins compatible for Editor in 501.36 ms, found 3 plugins.
Preloading 0 native plugins for Editor in 0.00 ms.
Mono: successfully reloaded assembly
- Completed reload, in  3.692 seconds
Domain Reload Profiling:
	ReloadAssembly (3696ms)
		BeginReloadAssembly (313ms)
			ExecutionOrderSort (0ms)
			DisableScriptedObjects (0ms)
			BackupInstance (0ms)
			ReleaseScriptingObjects (0ms)
			CreateAndSetChildDomain (2ms)
		EndReloadAssembly (2884ms)
			LoadAssemblies (306ms)
			RebuildTransferFunctionScriptingTraits (0ms)
			SetupTypeCache (577ms)
			ReleaseScriptCaches (0ms)
			RebuildScriptCaches (160ms)
			SetupLoadedEditorAssemblies (1900ms)
				LogAssemblyErrors (0ms)
				InitializePlatformSupportModulesInManaged (67ms)
				SetLoadedEditorAssemblies (1ms)
				RefreshPlugins (502ms)
				BeforeProcessingInitializeOnLoad (7ms)
				ProcessInitializeOnLoadAttributes (716ms)
				ProcessInitializeOnLoadMethodAttributes (606ms)
				AfterProcessingInitializeOnLoad (0ms)
				EditorAssembliesLoaded (1ms)
			ExecutionOrderSort2 (0ms)
			AwakeInstancesAfterBackupRestoration (0ms)
Platform modules already initialized, skipping
Registering precompiled user dll's ...
Registered in 0.022801 seconds.
Begin MonoManager ReloadAssembly
Symbol file LoadedFromMemory doesn't match image C:\Users\Edson Filho\OneDrive\Documentos\projetos\tetris\Library\PackageCache\com.unity.visualscripting@1.7.6\Editor\VisualScripting.Core\Dependencies\YamlDotNet\Unity.VisualScripting.YamlDotNet.dll
Symbol file LoadedFromMemory is not a mono symbol file
Symbol file LoadedFromMemory doesn't match image C:\Users\Edson Filho\OneDrive\Documentos\projetos\tetris\Library\PackageCache\com.unity.visualscripting@1.7.6\Editor\VisualScripting.Core\Dependencies\DotNetZip\Unity.VisualScripting.IonicZip.dll
Native extension for WindowsStandalone target not found
Native extension for WebGL target not found
Refreshing native plugins compatible for Editor in 2.37 ms, found 3 plugins.
Preloading 0 native plugins for Editor in 0.00 ms.
Mono: successfully reloaded assembly
- Completed reload, in  5.853 seconds
Domain Reload Profiling:
	ReloadAssembly (5856ms)
		BeginReloadAssembly (660ms)
			ExecutionOrderSort (0ms)
			DisableScriptedObjects (30ms)
			BackupInstance (0ms)
			ReleaseScriptingObjects (1ms)
			CreateAndSetChildDomain (131ms)
		EndReloadAssembly (4584ms)
			LoadAssemblies (507ms)
			RebuildTransferFunctionScriptingTraits (0ms)
			SetupTypeCache (1346ms)
			ReleaseScriptCaches (2ms)
			RebuildScriptCaches (366ms)
			SetupLoadedEditorAssemblies (2145ms)
				LogAssemblyErrors (0ms)
				InitializePlatformSupportModulesInManaged (39ms)
				SetLoadedEditorAssemblies (2ms)
				RefreshPlugins (3ms)
				BeforeProcessingInitializeOnLoad (496ms)
				ProcessInitializeOnLoadAttributes (1408ms)
				ProcessInitializeOnLoadMethodAttributes (165ms)
				AfterProcessingInitializeOnLoad (32ms)
				EditorAssembliesLoaded (1ms)
			ExecutionOrderSort2 (0ms)
			AwakeInstancesAfterBackupRestoration (27ms)
Platform modules already initialized, skipping
========================================================================
Worker process is ready to serve import requests
Launched and connected shader compiler UnityShaderCompiler.exe after 0.78 seconds
Refreshing native plugins compatible for Editor in 2.19 ms, found 3 plugins.
Preloading 0 native plugins for Editor in 0.00 ms.
Unloading 3226 Unused Serialized files (Serialized files now loaded: 0)
Unloading 23 unused Assets / (112.0 KB). Loaded Objects now: 3686.
Memory consumption went from 112.2 MB to 112.1 MB.
Total: 13.908500 ms (FindLiveObjects: 1.434000 ms CreateObjectMapping: 1.550000 ms MarkObjects: 10.424000 ms  DeleteObjects: 0.494900 ms)

AssetImportParameters requested are different than current active one (requested -> active):
  custom:video-decoder-ogg-theora: a1e56fd34408186e4bbccfd4996cb3dc -> 
  custom:container-muxer-webm: aa71ff27fc2769a1b78a27578f13a17b -> 
  custom:container-demuxer-webm: 4f35f7cbe854078d1ac9338744f61a02 -> 
  custom:video-encoder-webm-vp8: eb34c28f22e8b96e1ab97ce403110664 -> 
  custom:audio-encoder-webm-vorbis: bf7c407c2cedff20999df2af8eb42d56 -> 
  custom:framework-win-MediaFoundation: 216162199b28c13a410421893ffa2e32 -> 
  custom:container-demuxer-ogg: 62fdf1f143b41e24485cea50d1cbac27 -> 
  custom:video-decoder-webm-vp8: 9c59270c3fd7afecdb556c50c9e8de78 -> 
  custom:audio-decoder-ogg-vorbis: bf7c407c2cedff20999df2af8eb42d56 -> 
========================================================================
Received Import Request.
  Time since last request: 518695.127207 seconds.
  path: Assets/material/fundo.mat
  artifactKey: Guid(8653aa5bfd233f947bc0fab40bf55bf2) Importer(815301076,1909f56bfc062723c751e8b465ee728b)
Start importing Assets/material/fundo.mat using Guid(8653aa5bfd233f947bc0fab40bf55bf2) Importer(815301076,1909f56bfc062723c751e8b465ee728b)  -> (artifact id: '0c3a347ef248f1f282ae797c24d53a87') in 1.097449 seconds 
========================================================================
Received Import Request.
  Time since last request: 0.000100 seconds.
  path: Assets/material/chao.mat
  artifactKey: Guid(b6ac455ad07844f4cbf4ddc491bcccb2) Importer(815301076,1909f56bfc062723c751e8b465ee728b)
Start importing Assets/material/chao.mat using Guid(b6ac455ad07844f4cbf4ddc491bcccb2) Importer(815301076,1909f56bfc062723c751e8b465ee728b)  -> (artifact id: '276e4dc425a086d97b425b3b90992179') in 0.142450 seconds 
========================================================================
Received Import Request.
  Time since last request: 49.353216 seconds.
  path: Assets/models/quadrado.prefab
  artifactKey: Guid(7b4cc45f0986b65419d7ed8264e4986d) Importer(815301076,1909f56bfc062723c751e8b465ee728b)
Start importing Assets/models/quadrado.prefab using Guid(7b4cc45f0986b65419d7ed8264e4986d) Importer(815301076,1909f56bfc062723c751e8b465ee728b)  -> (artifact id: 'cff4f2904e480f6160df374509b4cb8e') in 0.319077 seconds 
========================================================================
Received Import Request.
  Time since last request: 60.344445 seconds.
  path: Assets/models/linha.prefab
  artifactKey: Guid(196bc069d4103ed4b838a6dcad95b70d) Importer(815301076,1909f56bfc062723c751e8b465ee728b)
Start importing Assets/models/linha.prefab using Guid(196bc069d4103ed4b838a6dcad95b70d) Importer(815301076,1909f56bfc062723c751e8b465ee728b)  -> (artifact id: 'a699c7a97ce2e160e43994a8dfdd8725') in 0.068719 seconds 
========================================================================
Received Import Request.
  Time since last request: 283.426932 seconds.
  path: Assets/models/escada.prefab
  artifactKey: Guid(1fb61e5339494fd48b3b0b7aa76df2ed) Importer(815301076,1909f56bfc062723c751e8b465ee728b)
Start importing Assets/models/escada.prefab using Guid(1fb61e5339494fd48b3b0b7aa76df2ed) Importer(815301076,1909f56bfc062723c751e8b465ee728b)  -> (artifact id: '247c7e481d5dec1ee0aad1b3b274e395') in 0.220193 seconds 
========================================================================
Received Import Request.
  Time since last request: 151.426336 seconds.
  path: Assets/models/piramide Variant.prefab
  artifactKey: Guid(20949375b696cf746add37377085d699) Importer(815301076,1909f56bfc062723c751e8b465ee728b)
Start importing Assets/models/piramide Variant.prefab using Guid(20949375b696cf746add37377085d699) Importer(815301076,1909f56bfc062723c751e8b465ee728b)  -> (artifact id: '9598d65d05488ad6e2a3b26a90811cae') in 0.225538 seconds 
========================================================================
Received Import Request.
  Time since last request: 47.184356 seconds.
  path: Assets/models/piramide.prefab
  artifactKey: Guid(20949375b696cf746add37377085d699) Importer(815301076,1909f56bfc062723c751e8b465ee728b)
Start importing Assets/models/piramide.prefab using Guid(20949375b696cf746add37377085d699) Importer(815301076,1909f56bfc062723c751e8b465ee728b)  -> (artifact id: 'f332565fee525b2e563f69fa46c9c522') in 0.146170 seconds 
========================================================================
Received Prepare
Registering precompiled user dll's ...
Registered in 0.083739 seconds.
Begin MonoManager ReloadAssembly
Symbol file LoadedFromMemory doesn't match image C:\Users\Edson Filho\OneDrive\Documentos\projetos\tetris\Library\PackageCache\com.unity.visualscripting@1.7.6\Editor\VisualScripting.Core\Dependencies\YamlDotNet\Unity.VisualScripting.YamlDotNet.dll
Symbol file LoadedFromMemory is not a mono symbol file
Symbol file LoadedFromMemory doesn't match image C:\Users\Edson Filho\OneDrive\Documentos\projetos\tetris\Library\PackageCache\com.unity.visualscripting@1.7.6\Editor\VisualScripting.Core\Dependencies\DotNetZip\Unity.VisualScripting.IonicZip.dll
Native extension for WindowsStandalone target not found
Native extension for WebGL target not found
Refreshing native plugins compatible for Editor in 2.44 ms, found 3 plugins.
Preloading 0 native plugins for Editor in 0.00 ms.
Mono: successfully reloaded assembly
- Completed reload, in 776.487 seconds
Domain Reload Profiling:
	ReloadAssembly (776492ms)
		BeginReloadAssembly (809ms)
			ExecutionOrderSort (0ms)
			DisableScriptedObjects (17ms)
			BackupInstance (0ms)
			ReleaseScriptingObjects (0ms)
			CreateAndSetChildDomain (122ms)
		EndReloadAssembly (775194ms)
			LoadAssemblies (908ms)
			RebuildTransferFunctionScriptingTraits (0ms)
			SetupTypeCache (1515ms)
			ReleaseScriptCaches (101ms)
			RebuildScriptCaches (171ms)
			SetupLoadedEditorAssemblies (772164ms)
				LogAssemblyErrors (0ms)
				InitializePlatformSupportModulesInManaged (54ms)
				SetLoadedEditorAssemblies (2ms)
				RefreshPlugins (3ms)
				BeforeProcessingInitializeOnLoad (242ms)
				ProcessInitializeOnLoadAttributes (750883ms)
				ProcessInitializeOnLoadMethodAttributes (16907ms)
				AfterProcessingInitializeOnLoad (4073ms)
				EditorAssembliesLoaded (1ms)
			ExecutionOrderSort2 (0ms)
			AwakeInstancesAfterBackupRestoration (375ms)
Platform modules already initialized, skipping
Refreshing native plugins compatible for Editor in 13.54 ms, found 3 plugins.
Preloading 0 native plugins for Editor in 0.00 ms.
Unloading 3221 Unused Serialized files (Serialized files now loaded: 0)
Unloading 16 unused Assets / (78.9 KB). Loaded Objects now: 3730.
Memory consumption went from 116.8 MB to 116.7 MB.
Total: 35.338600 ms (FindLiveObjects: 4.296600 ms CreateObjectMapping: 9.465600 ms MarkObjects: 20.719100 ms  DeleteObjects: 0.848400 ms)

AssetImportParameters requested are different than current active one (requested -> active):
  custom:video-decoder-ogg-theora: a1e56fd34408186e4bbccfd4996cb3dc -> 
  custom:container-muxer-webm: aa71ff27fc2769a1b78a27578f13a17b -> 
  custom:container-demuxer-webm: 4f35f7cbe854078d1ac9338744f61a02 -> 
  custom:video-encoder-webm-vp8: eb34c28f22e8b96e1ab97ce403110664 -> 
  custom:audio-encoder-webm-vorbis: bf7c407c2cedff20999df2af8eb42d56 -> 
  custom:framework-win-MediaFoundation: 216162199b28c13a410421893ffa2e32 -> 
  custom:container-demuxer-ogg: 62fdf1f143b41e24485cea50d1cbac27 -> 
  custom:video-decoder-webm-vp8: 9c59270c3fd7afecdb556c50c9e8de78 -> 
  custom:audio-decoder-ogg-vorbis: bf7c407c2cedff20999df2af8eb42d56 -> 
========================================================================
Received Prepare
Registering precompiled user dll's ...
Registered in 0.463957 seconds.
Begin MonoManager ReloadAssembly
Symbol file LoadedFromMemory doesn't match image C:\Users\Edson Filho\OneDrive\Documentos\projetos\tetris\Library\PackageCache\com.unity.visualscripting@1.7.6\Editor\VisualScripting.Core\Dependencies\YamlDotNet\Unity.VisualScripting.YamlDotNet.dll
Symbol file LoadedFromMemory is not a mono symbol file
Symbol file LoadedFromMemory doesn't match image C:\Users\Edson Filho\OneDrive\Documentos\projetos\tetris\Library\PackageCache\com.unity.visualscripting@1.7.6\Editor\VisualScripting.Core\Dependencies\DotNetZip\Unity.VisualScripting.IonicZip.dll
Native extension for WindowsStandalone target not found
Native extension for WebGL target not found
Refreshing native plugins compatible for Editor in 2.50 ms, found 3 plugins.
Preloading 0 native plugins for Editor in 0.00 ms.
Mono: successfully reloaded assembly
- Completed reload, in 16.347 seconds
Domain Reload Profiling:
	ReloadAssembly (16359ms)
		BeginReloadAssembly (8440ms)
			ExecutionOrderSort (0ms)
			DisableScriptedObjects (92ms)
			BackupInstance (0ms)
			ReleaseScriptingObjects (0ms)
			CreateAndSetChildDomain (4204ms)
		EndReloadAssembly (7091ms)
			LoadAssemblies (4243ms)
			RebuildTransferFunctionScriptingTraits (0ms)
			SetupTypeCache (1784ms)
			ReleaseScriptCaches (101ms)
			RebuildScriptCaches (386ms)
			SetupLoadedEditorAssemblies (3249ms)
				LogAssemblyErrors (0ms)
				InitializePlatformSupportModulesInManaged (106ms)
				SetLoadedEditorAssemblies (2ms)
				RefreshPlugins (3ms)
				BeforeProcessingInitializeOnLoad (1253ms)
				ProcessInitializeOnLoadAttributes (1657ms)
				ProcessInitializeOnLoadMethodAttributes (184ms)
				AfterProcessingInitializeOnLoad (41ms)
				EditorAssembliesLoaded (3ms)
			ExecutionOrderSort2 (0ms)
			AwakeInstancesAfterBackupRestoration (39ms)
Platform modules already initialized, skipping
